<?xml version="1.0" encoding="UTF-8"?>
<testsuite xmlns:xsi="http://www.w3.org/2001/XMLSchema-instance" xsi:noNamespaceSchemaLocation="https://maven.apache.org/surefire/maven-surefire-plugin/xsd/surefire-test-report.xsd" name="com.hedera.hcslib.cryptography.KeyRotationTest" time="0.12" tests="1" errors="0" skipped="0" failures="0">
  <properties>
    <property name="gopherProxySet" value="false"/>
    <property name="awt.toolkit" value="sun.lwawt.macosx.LWCToolkit"/>
    <property name="java.specification.version" value="11"/>
    <property name="sun.cpu.isalist" value=""/>
    <property name="sun.jnu.encoding" value="UTF-8"/>
    <property name="java.class.path" value="/Users/gregscullard/dev/github.com/hashgraph/hcs-sxc/hcs-lib/target/test-classes:/Users/gregscullard/dev/github.com/hashgraph/hcs-sxc/hcs-lib/target/classes:/Users/gregscullard/dev/github.com/hashgraph/hcs-sxc/hcs-sxc-proto/target/hcs-sxc-proto-0.0.1-SNAPSHOT.jar:/Users/gregscullard/dev/github.com/hashgraph/hcs-sxc/hcs-sxc-interfaces/target/hcs-sxc-interfaces-0.0.1-SNAPSHOT.jar:/Users/gregscullard/dev/github.com/hashgraph/hcs-sxc/hcs-sxc-plugins/lib-persistence-in-memory/target/lib-persistence-in-memory-0.0.1-SNAPSHOT.jar:/Users/gregscullard/.m2/repository/io/github/classgraph/classgraph/4.8.52/classgraph-4.8.52.jar:/Users/gregscullard/.m2/repository/org/apache/logging/log4j/log4j-api/2.12.1/log4j-api-2.12.1.jar:/Users/gregscullard/.m2/repository/org/apache/logging/log4j/log4j-core/2.12.1/log4j-core-2.12.1.jar:/Users/gregscullard/.m2/repository/org/projectlombok/lombok/1.18.10/lombok-1.18.10.jar:/Users/gregscullard/.m2/repository/com/google/guava/guava/28.1-jre/guava-28.1-jre.jar:/Users/gregscullard/.m2/repository/com/google/guava/failureaccess/1.0.1/failureaccess-1.0.1.jar:/Users/gregscullard/.m2/repository/com/google/guava/listenablefuture/9999.0-empty-to-avoid-conflict-with-guava/listenablefuture-9999.0-empty-to-avoid-conflict-with-guava.jar:/Users/gregscullard/.m2/repository/com/google/code/findbugs/jsr305/3.0.2/jsr305-3.0.2.jar:/Users/gregscullard/.m2/repository/org/checkerframework/checker-qual/2.8.1/checker-qual-2.8.1.jar:/Users/gregscullard/.m2/repository/com/google/errorprone/error_prone_annotations/2.3.2/error_prone_annotations-2.3.2.jar:/Users/gregscullard/.m2/repository/com/google/j2objc/j2objc-annotations/1.3/j2objc-annotations-1.3.jar:/Users/gregscullard/.m2/repository/org/codehaus/mojo/animal-sniffer-annotations/1.18/animal-sniffer-annotations-1.18.jar:/Users/gregscullard/.m2/repository/org/hamcrest/hamcrest-core/1.3/hamcrest-core-1.3.jar:/Users/gregscullard/.m2/repository/commons-codec/commons-codec/1.9/commons-codec-1.9.jar:/Users/gregscullard/.m2/repository/com/fasterxml/jackson/core/jackson-databind/2.10.0/jackson-databind-2.10.0.jar:/Users/gregscullard/.m2/repository/com/fasterxml/jackson/core/jackson-annotations/2.10.0/jackson-annotations-2.10.0.jar:/Users/gregscullard/.m2/repository/com/fasterxml/jackson/core/jackson-core/2.10.0/jackson-core-2.10.0.jar:/Users/gregscullard/.m2/repository/org/apache/commons/commons-lang3/3.9/commons-lang3-3.9.jar:/Users/gregscullard/.m2/repository/org/apache/activemq/artemis-jms-client-all/2.10.1/artemis-jms-client-all-2.10.1.jar:/Users/gregscullard/.m2/repository/org/junit/jupiter/junit-jupiter-engine/5.5.2/junit-jupiter-engine-5.5.2.jar:/Users/gregscullard/.m2/repository/org/apiguardian/apiguardian-api/1.1.0/apiguardian-api-1.1.0.jar:/Users/gregscullard/.m2/repository/org/junit/platform/junit-platform-engine/1.5.2/junit-platform-engine-1.5.2.jar:/Users/gregscullard/.m2/repository/org/opentest4j/opentest4j/1.2.0/opentest4j-1.2.0.jar:/Users/gregscullard/.m2/repository/org/junit/platform/junit-platform-commons/1.5.2/junit-platform-commons-1.5.2.jar:/Users/gregscullard/.m2/repository/org/junit/jupiter/junit-jupiter-api/5.5.2/junit-jupiter-api-5.5.2.jar:/Users/gregscullard/.m2/repository/org/junit/jupiter/junit-jupiter-params/5.5.2/junit-jupiter-params-5.5.2.jar:/Users/gregscullard/.m2/repository/com/google/protobuf/protobuf-java/3.7.1/protobuf-java-3.7.1.jar:/Users/gregscullard/.m2/repository/com/hedera/hashgraph/sdk/0.5.2.2-SNAPSHOT/sdk-0.5.2.2-SNAPSHOT.jar:/Users/gregscullard/.m2/repository/org/bouncycastle/bcprov-jdk15on/1.61/bcprov-jdk15on-1.61.jar:/Users/gregscullard/.m2/repository/io/grpc/grpc-netty-shaded/1.20.0/grpc-netty-shaded-1.20.0.jar:/Users/gregscullard/.m2/repository/io/grpc/grpc-core/1.20.0/grpc-core-1.20.0.jar:/Users/gregscullard/.m2/repository/io/grpc/grpc-context/1.20.0/grpc-context-1.20.0.jar:/Users/gregscullard/.m2/repository/com/google/code/gson/gson/2.7/gson-2.7.jar:/Users/gregscullard/.m2/repository/com/google/android/annotations/4.1.1.4/annotations-4.1.1.4.jar:/Users/gregscullard/.m2/repository/io/opencensus/opencensus-api/0.19.2/opencensus-api-0.19.2.jar:/Users/gregscullard/.m2/repository/io/opencensus/opencensus-contrib-grpc-metrics/0.19.2/opencensus-contrib-grpc-metrics-0.19.2.jar:/Users/gregscullard/.m2/repository/io/grpc/grpc-protobuf/1.20.0/grpc-protobuf-1.20.0.jar:/Users/gregscullard/.m2/repository/com/google/api/grpc/proto-google-common-protos/1.12.0/proto-google-common-protos-1.12.0.jar:/Users/gregscullard/.m2/repository/io/grpc/grpc-protobuf-lite/1.20.0/grpc-protobuf-lite-1.20.0.jar:/Users/gregscullard/.m2/repository/io/grpc/grpc-stub/1.20.0/grpc-stub-1.20.0.jar:/Users/gregscullard/.m2/repository/io/github/cdimascio/java-dotenv/5.0.1/java-dotenv-5.0.1.jar:/Users/gregscullard/.m2/repository/org/jetbrains/kotlin/kotlin-stdlib/1.3.21/kotlin-stdlib-1.3.21.jar:/Users/gregscullard/.m2/repository/org/jetbrains/kotlin/kotlin-stdlib-common/1.3.21/kotlin-stdlib-common-1.3.21.jar:/Users/gregscullard/.m2/repository/org/jetbrains/annotations/13.0/annotations-13.0.jar:/Users/gregscullard/.m2/repository/org/yaml/snakeyaml/1.21/snakeyaml-1.21.jar:"/>
    <property name="java.vm.vendor" value="Oracle Corporation"/>
    <property name="sun.arch.data.model" value="64"/>
    <property name="java.vendor.url" value="http://java.oracle.com/"/>
    <property name="user.timezone" value=""/>
    <property name="java.vm.specification.version" value="11"/>
    <property name="os.name" value="Mac OS X"/>
    <property name="sun.java.launcher" value="SUN_STANDARD"/>
    <property name="user.country" value="GB"/>
    <property name="sun.boot.library.path" value="/Library/Java/JavaVirtualMachines/jdk-11.0.2.jdk/Contents/Home/lib"/>
    <property name="sun.java.command" value="/Users/gregscullard/dev/github.com/hashgraph/hcs-sxc/hcs-lib/target/surefire/surefirebooter12806097280206885460.jar /Users/gregscullard/dev/github.com/hashgraph/hcs-sxc/hcs-lib/target/surefire 2019-11-11T17-32-46_309-jvmRun1 surefire5237432666182255560tmp surefire_018182252397530712426tmp"/>
    <property name="http.nonProxyHosts" value="local|*.local|169.254/16|*.169.254/16"/>
    <property name="jdk.debug" value="release"/>
    <property name="surefire.test.class.path" value="/Users/gregscullard/dev/github.com/hashgraph/hcs-sxc/hcs-lib/target/test-classes:/Users/gregscullard/dev/github.com/hashgraph/hcs-sxc/hcs-lib/target/classes:/Users/gregscullard/dev/github.com/hashgraph/hcs-sxc/hcs-sxc-proto/target/hcs-sxc-proto-0.0.1-SNAPSHOT.jar:/Users/gregscullard/dev/github.com/hashgraph/hcs-sxc/hcs-sxc-interfaces/target/hcs-sxc-interfaces-0.0.1-SNAPSHOT.jar:/Users/gregscullard/dev/github.com/hashgraph/hcs-sxc/hcs-sxc-plugins/lib-persistence-in-memory/target/lib-persistence-in-memory-0.0.1-SNAPSHOT.jar:/Users/gregscullard/.m2/repository/io/github/classgraph/classgraph/4.8.52/classgraph-4.8.52.jar:/Users/gregscullard/.m2/repository/org/apache/logging/log4j/log4j-api/2.12.1/log4j-api-2.12.1.jar:/Users/gregscullard/.m2/repository/org/apache/logging/log4j/log4j-core/2.12.1/log4j-core-2.12.1.jar:/Users/gregscullard/.m2/repository/org/projectlombok/lombok/1.18.10/lombok-1.18.10.jar:/Users/gregscullard/.m2/repository/com/google/guava/guava/28.1-jre/guava-28.1-jre.jar:/Users/gregscullard/.m2/repository/com/google/guava/failureaccess/1.0.1/failureaccess-1.0.1.jar:/Users/gregscullard/.m2/repository/com/google/guava/listenablefuture/9999.0-empty-to-avoid-conflict-with-guava/listenablefuture-9999.0-empty-to-avoid-conflict-with-guava.jar:/Users/gregscullard/.m2/repository/com/google/code/findbugs/jsr305/3.0.2/jsr305-3.0.2.jar:/Users/gregscullard/.m2/repository/org/checkerframework/checker-qual/2.8.1/checker-qual-2.8.1.jar:/Users/gregscullard/.m2/repository/com/google/errorprone/error_prone_annotations/2.3.2/error_prone_annotations-2.3.2.jar:/Users/gregscullard/.m2/repository/com/google/j2objc/j2objc-annotations/1.3/j2objc-annotations-1.3.jar:/Users/gregscullard/.m2/repository/org/codehaus/mojo/animal-sniffer-annotations/1.18/animal-sniffer-annotations-1.18.jar:/Users/gregscullard/.m2/repository/org/hamcrest/hamcrest-core/1.3/hamcrest-core-1.3.jar:/Users/gregscullard/.m2/repository/commons-codec/commons-codec/1.9/commons-codec-1.9.jar:/Users/gregscullard/.m2/repository/com/fasterxml/jackson/core/jackson-databind/2.10.0/jackson-databind-2.10.0.jar:/Users/gregscullard/.m2/repository/com/fasterxml/jackson/core/jackson-annotations/2.10.0/jackson-annotations-2.10.0.jar:/Users/gregscullard/.m2/repository/com/fasterxml/jackson/core/jackson-core/2.10.0/jackson-core-2.10.0.jar:/Users/gregscullard/.m2/repository/org/apache/commons/commons-lang3/3.9/commons-lang3-3.9.jar:/Users/gregscullard/.m2/repository/org/apache/activemq/artemis-jms-client-all/2.10.1/artemis-jms-client-all-2.10.1.jar:/Users/gregscullard/.m2/repository/org/junit/jupiter/junit-jupiter-engine/5.5.2/junit-jupiter-engine-5.5.2.jar:/Users/gregscullard/.m2/repository/org/apiguardian/apiguardian-api/1.1.0/apiguardian-api-1.1.0.jar:/Users/gregscullard/.m2/repository/org/junit/platform/junit-platform-engine/1.5.2/junit-platform-engine-1.5.2.jar:/Users/gregscullard/.m2/repository/org/opentest4j/opentest4j/1.2.0/opentest4j-1.2.0.jar:/Users/gregscullard/.m2/repository/org/junit/platform/junit-platform-commons/1.5.2/junit-platform-commons-1.5.2.jar:/Users/gregscullard/.m2/repository/org/junit/jupiter/junit-jupiter-api/5.5.2/junit-jupiter-api-5.5.2.jar:/Users/gregscullard/.m2/repository/org/junit/jupiter/junit-jupiter-params/5.5.2/junit-jupiter-params-5.5.2.jar:/Users/gregscullard/.m2/repository/com/google/protobuf/protobuf-java/3.7.1/protobuf-java-3.7.1.jar:/Users/gregscullard/.m2/repository/com/hedera/hashgraph/sdk/0.5.2.2-SNAPSHOT/sdk-0.5.2.2-SNAPSHOT.jar:/Users/gregscullard/.m2/repository/org/bouncycastle/bcprov-jdk15on/1.61/bcprov-jdk15on-1.61.jar:/Users/gregscullard/.m2/repository/io/grpc/grpc-netty-shaded/1.20.0/grpc-netty-shaded-1.20.0.jar:/Users/gregscullard/.m2/repository/io/grpc/grpc-core/1.20.0/grpc-core-1.20.0.jar:/Users/gregscullard/.m2/repository/io/grpc/grpc-context/1.20.0/grpc-context-1.20.0.jar:/Users/gregscullard/.m2/repository/com/google/code/gson/gson/2.7/gson-2.7.jar:/Users/gregscullard/.m2/repository/com/google/android/annotations/4.1.1.4/annotations-4.1.1.4.jar:/Users/gregscullard/.m2/repository/io/opencensus/opencensus-api/0.19.2/opencensus-api-0.19.2.jar:/Users/gregscullard/.m2/repository/io/opencensus/opencensus-contrib-grpc-metrics/0.19.2/opencensus-contrib-grpc-metrics-0.19.2.jar:/Users/gregscullard/.m2/repository/io/grpc/grpc-protobuf/1.20.0/grpc-protobuf-1.20.0.jar:/Users/gregscullard/.m2/repository/com/google/api/grpc/proto-google-common-protos/1.12.0/proto-google-common-protos-1.12.0.jar:/Users/gregscullard/.m2/repository/io/grpc/grpc-protobuf-lite/1.20.0/grpc-protobuf-lite-1.20.0.jar:/Users/gregscullard/.m2/repository/io/grpc/grpc-stub/1.20.0/grpc-stub-1.20.0.jar:/Users/gregscullard/.m2/repository/io/github/cdimascio/java-dotenv/5.0.1/java-dotenv-5.0.1.jar:/Users/gregscullard/.m2/repository/org/jetbrains/kotlin/kotlin-stdlib/1.3.21/kotlin-stdlib-1.3.21.jar:/Users/gregscullard/.m2/repository/org/jetbrains/kotlin/kotlin-stdlib-common/1.3.21/kotlin-stdlib-common-1.3.21.jar:/Users/gregscullard/.m2/repository/org/jetbrains/annotations/13.0/annotations-13.0.jar:/Users/gregscullard/.m2/repository/org/yaml/snakeyaml/1.21/snakeyaml-1.21.jar:"/>
    <property name="sun.cpu.endian" value="little"/>
    <property name="user.home" value="/Users/gregscullard"/>
    <property name="user.language" value="en"/>
    <property name="java.specification.vendor" value="Oracle Corporation"/>
    <property name="java.version.date" value="2019-01-15"/>
    <property name="java.home" value="/Library/Java/JavaVirtualMachines/jdk-11.0.2.jdk/Contents/Home"/>
    <property name="file.separator" value="/"/>
    <property name="basedir" value="/Users/gregscullard/dev/github.com/hashgraph/hcs-sxc/hcs-lib"/>
    <property name="java.vm.compressedOopsMode" value="Zero based"/>
    <property name="line.separator" value="&#10;"/>
    <property name="java.specification.name" value="Java Platform API Specification"/>
    <property name="java.vm.specification.vendor" value="Oracle Corporation"/>
    <property name="java.awt.graphicsenv" value="sun.awt.CGraphicsEnvironment"/>
    <property name="surefire.real.class.path" value="/Users/gregscullard/dev/github.com/hashgraph/hcs-sxc/hcs-lib/target/surefire/surefirebooter12806097280206885460.jar"/>
    <property name="sun.management.compiler" value="HotSpot 64-Bit Tiered Compilers"/>
    <property name="ftp.nonProxyHosts" value="local|*.local|169.254/16|*.169.254/16"/>
    <property name="java.runtime.version" value="11.0.2+9"/>
    <property name="user.name" value="gregscullard"/>
    <property name="path.separator" value=":"/>
    <property name="os.version" value="10.14.6"/>
    <property name="java.runtime.name" value="OpenJDK Runtime Environment"/>
    <property name="file.encoding" value="UTF-8"/>
    <property name="java.vm.name" value="OpenJDK 64-Bit Server VM"/>
    <property name="java.vendor.version" value="18.9"/>
    <property name="localRepository" value="/Users/gregscullard/.m2/repository"/>
    <property name="java.vendor.url.bug" value="http://bugreport.java.com/bugreport/"/>
    <property name="java.io.tmpdir" value="/var/folders/wy/1l1664r94lg3hphtl0x2j4980000gn/T/"/>
    <property name="java.version" value="11.0.2"/>
    <property name="user.dir" value="/Users/gregscullard/dev/github.com/hashgraph/hcs-sxc/hcs-lib"/>
    <property name="os.arch" value="x86_64"/>
    <property name="java.vm.specification.name" value="Java Virtual Machine Specification"/>
    <property name="java.awt.printerjob" value="sun.lwawt.macosx.CPrinterJob"/>
    <property name="sun.os.patch.level" value="unknown"/>
    <property name="java.library.path" value="/Users/gregscullard/Library/Java/Extensions:/Library/Java/Extensions:/Network/Library/Java/Extensions:/System/Library/Java/Extensions:/usr/lib/java:."/>
    <property name="java.vendor" value="Oracle Corporation"/>
    <property name="java.vm.info" value="mixed mode"/>
    <property name="java.vm.version" value="11.0.2+9"/>
    <property name="sun.io.unicode.encoding" value="UnicodeBig"/>
    <property name="java.class.version" value="55.0"/>
    <property name="socksNonProxyHosts" value="local|*.local|169.254/16|*.169.254/16"/>
  </properties>
  <testcase name="createCommonSecret" classname="com.hedera.hcslib.cryptography.KeyRotationTest" time="0.12"/>
</testsuite>